TN:
SF:src\run.ts
FN:27,(anonymous_0)
FN:44,(anonymous_1)
FN:55,(anonymous_2)
FN:67,(anonymous_3)
FN:85,(anonymous_4)
FN:106,(anonymous_5)
FN:126,(anonymous_6)
FN:140,(anonymous_7)
FN:158,(anonymous_8)
FN:175,(anonymous_9)
FN:180,(anonymous_10)
FN:204,(anonymous_11)
FN:217,(anonymous_12)
FN:241,(anonymous_13)
FNF:14
FNH:14
FNDA:12,(anonymous_0)
FNDA:11,(anonymous_1)
FNDA:11,(anonymous_2)
FNDA:11,(anonymous_3)
FNDA:11,(anonymous_4)
FNDA:11,(anonymous_5)
FNDA:11,(anonymous_6)
FNDA:11,(anonymous_7)
FNDA:11,(anonymous_8)
FNDA:11,(anonymous_9)
FNDA:11,(anonymous_10)
FNDA:11,(anonymous_11)
FNDA:11,(anonymous_12)
FNDA:11,(anonymous_13)
DA:1,1
DA:2,1
DA:4,1
DA:5,1
DA:6,1
DA:7,1
DA:8,1
DA:9,1
DA:10,1
DA:11,1
DA:12,1
DA:13,1
DA:14,1
DA:20,1
DA:21,1
DA:22,1
DA:23,1
DA:24,1
DA:25,1
DA:27,1
DA:30,12
DA:35,12
DA:37,12
DA:38,1
DA:41,11
DA:45,11
DA:52,11
DA:56,11
DA:57,1
DA:60,10
DA:64,11
DA:68,11
DA:74,11
DA:75,1
DA:78,10
DA:82,11
DA:86,11
DA:87,0
DA:90,11
DA:99,11
DA:100,10
DA:103,11
DA:107,11
DA:113,11
DA:114,1
DA:117,10
DA:121,11
DA:123,11
DA:127,11
DA:128,1
DA:131,10
DA:140,11
DA:141,11
DA:142,1
DA:145,1
DA:148,10
DA:151,11
DA:152,9
DA:155,11
DA:159,11
DA:160,1
DA:163,10
DA:172,11
DA:176,11
DA:180,11
DA:181,11
DA:182,1
DA:185,10
DA:187,10
DA:188,9
DA:196,1
DA:204,11
DA:205,11
DA:209,11
DA:212,0
DA:213,0
DA:217,11
DA:218,11
DA:222,2
DA:225,9
DA:227,9
DA:228,1
DA:231,2
DA:232,2
DA:241,11
DA:242,11
DA:246,2
DA:249,9
DA:251,9
DA:252,0
DA:255,0
DA:256,0
DA:257,0
DA:258,0
DA:260,0
DA:265,11
DA:266,10
LF:97
LH:88
BRDA:28,0,0,7
BRDA:35,1,0,1
BRDA:35,1,1,11
BRDA:35,2,0,12
BRDA:35,2,1,12
BRDA:37,3,0,1
BRDA:37,3,1,11
BRDA:37,4,0,12
BRDA:37,4,1,11
BRDA:46,5,0,0
BRDA:46,5,1,11
BRDA:45,6,0,11
BRDA:45,6,1,11
BRDA:56,7,0,1
BRDA:56,7,1,10
BRDA:68,8,0,1
BRDA:68,8,1,10
BRDA:68,9,0,11
BRDA:68,9,1,10
BRDA:68,10,0,0
BRDA:68,10,1,11
BRDA:68,11,0,11
BRDA:68,11,1,11
BRDA:74,12,0,1
BRDA:74,12,1,10
BRDA:74,13,0,11
BRDA:74,13,1,10
BRDA:74,13,2,10
BRDA:86,14,0,0
BRDA:86,14,1,11
BRDA:86,15,0,11
BRDA:86,15,1,10
BRDA:86,15,2,0
BRDA:99,16,0,10
BRDA:99,16,1,1
BRDA:107,17,0,1
BRDA:107,17,1,10
BRDA:107,18,0,11
BRDA:107,18,1,10
BRDA:107,19,0,0
BRDA:107,19,1,11
BRDA:107,20,0,11
BRDA:107,20,1,11
BRDA:113,21,0,1
BRDA:113,21,1,10
BRDA:113,22,0,11
BRDA:113,22,1,10
BRDA:113,22,2,10
BRDA:127,23,0,1
BRDA:127,23,1,10
BRDA:127,24,0,11
BRDA:127,24,1,1
BRDA:127,24,2,1
BRDA:141,25,0,1
BRDA:141,25,1,10
BRDA:151,26,0,9
BRDA:151,26,1,2
BRDA:159,27,0,1
BRDA:159,27,1,10
BRDA:159,28,0,11
BRDA:159,28,1,10
BRDA:176,29,0,10
BRDA:176,29,1,1
BRDA:176,30,0,11
BRDA:176,30,1,11
BRDA:181,31,0,1
BRDA:181,31,1,10
BRDA:181,32,0,11
BRDA:181,32,1,10
BRDA:187,33,0,9
BRDA:187,33,1,1
BRDA:205,34,0,11
BRDA:205,34,1,0
BRDA:206,35,0,11
BRDA:206,35,1,10
BRDA:212,36,0,0
BRDA:212,36,1,0
BRDA:218,37,0,2
BRDA:218,37,1,9
BRDA:219,38,0,11
BRDA:219,38,1,10
BRDA:227,39,0,1
BRDA:227,39,1,2
BRDA:242,40,0,2
BRDA:242,40,1,9
BRDA:243,41,0,11
BRDA:243,41,1,10
BRDA:251,42,0,0
BRDA:251,42,1,0
BRDA:256,43,0,0
BRDA:256,43,1,0
BRDA:256,44,0,0
BRDA:256,44,1,0
BRDA:256,45,0,0
BRDA:256,45,1,0
BRDA:265,46,0,10
BRDA:265,46,1,1
BRF:97
BRH:81
end_of_record
TN:
SF:src\annotations\createCoverageAnnotations.ts
FN:8,(anonymous_0)
FN:30,(anonymous_1)
FN:35,(anonymous_2)
FN:43,(anonymous_3)
FN:60,(anonymous_4)
FN:63,(anonymous_5)
FN:89,(anonymous_6)
FN:108,(anonymous_7)
FNF:8
FNH:8
FNDA:602,(anonymous_0)
FNDA:3,(anonymous_1)
FNDA:112,(anonymous_2)
FNDA:1175,(anonymous_3)
FNDA:292,(anonymous_4)
FNDA:582,(anonymous_5)
FNDA:239,(anonymous_6)
FNDA:602,(anonymous_7)
DA:1,1
DA:5,1
DA:6,1
DA:8,1
DA:16,602
DA:29,1
DA:30,1
DA:32,3
DA:34,3
DA:36,112
DA:38,112
DA:42,112
DA:44,1175
DA:45,284
DA:59,112
DA:61,292
DA:62,291
DA:64,582
DA:69,264
DA:88,112
DA:90,239
DA:91,54
DA:107,3
DA:109,602
LF:24
LH:24
BRDA:9,0,0,1
BRDA:10,1,0,1
BRDA:21,2,0,286
BRDA:21,2,1,316
BRDA:20,3,0,602
BRDA:20,3,1,447
BRDA:20,3,2,447
BRDA:25,4,0,286
BRDA:25,4,1,316
BRDA:24,5,0,602
BRDA:24,5,1,447
BRDA:24,5,2,447
BRDA:39,6,0,112
BRDA:39,6,1,0
BRDA:44,7,0,284
BRDA:44,7,1,891
BRDA:61,8,0,291
BRDA:61,8,1,1
BRDA:64,9,0,264
BRDA:64,9,1,318
BRDA:90,10,0,54
BRDA:90,10,1,185
BRDA:109,11,0,602
BRDA:109,11,1,602
BRF:24
BRH:23
end_of_record
TN:
SF:src\annotations\createFailedTestsAnnotations.ts
FN:10,(anonymous_1)
FN:22,(anonymous_2)
FN:29,(anonymous_3)
FN:31,(anonymous_4)
FN:44,(anonymous_5)
FNF:5
FNH:5
FNDA:3,(anonymous_1)
FNDA:38,(anonymous_2)
FNDA:90,(anonymous_3)
FNDA:4,(anonymous_4)
FNDA:4,(anonymous_5)
DA:1,1
DA:3,1
DA:7,1
DA:9,1
DA:10,1
DA:12,3
DA:14,3
DA:15,1
DA:18,2
DA:20,2
DA:22,2
DA:23,38
DA:24,1
DA:27,37
DA:29,90
DA:31,4
DA:43,2
DA:45,4
LF:18
LH:18
BRDA:14,0,0,1
BRDA:14,0,1,2
BRDA:23,1,0,1
BRDA:23,1,1,37
BRDA:34,2,0,1
BRDA:34,2,1,3
BRDA:34,3,0,4
BRDA:34,3,1,4
BRDA:35,4,0,1
BRDA:35,4,1,3
BRDA:35,5,0,4
BRDA:35,5,1,4
BRDA:36,6,0,1
BRDA:36,6,1,3
BRDA:36,7,0,4
BRDA:36,7,1,4
BRDA:37,8,0,3
BRDA:37,8,1,1
BRDA:37,9,0,4
BRDA:37,9,1,4
BRDA:37,10,0,1
BRDA:37,10,1,3
BRDA:37,11,0,4
BRDA:37,11,1,4
BRDA:45,12,0,4
BRDA:45,12,1,3
BRF:26
BRH:26
end_of_record
TN:
SF:src\annotations\isAnnotationEnabled.ts
FN:3,(anonymous_0)
FNF:1
FNH:1
FNDA:4,(anonymous_0)
DA:3,1
DA:6,4
LF:2
LH:2
BRDA:6,0,0,4
BRDA:6,0,1,3
BRF:2
BRH:2
end_of_record
TN:
SF:src\constants\GITHUB_MESSAGE_SIZE_LIMIT.ts
FNF:0
FNH:0
DA:1,2
LF:1
LH:1
BRF:0
BRH:0
end_of_record
TN:
SF:src\constants\REPORT_PATH.ts
FNF:0
FNH:0
DA:1,3
LF:1
LH:1
BRF:0
BRH:0
end_of_record
TN:
SF:src\constants\getReportTag.ts
FN:16,(anonymous_1)
FN:20,(anonymous_2)
FN:26,(anonymous_3)
FNF:3
FNH:3
FNDA:34,(anonymous_1)
FNDA:34,(anonymous_2)
FNDA:34,(anonymous_3)
DA:1,4
DA:3,4
DA:7,4
DA:16,4
DA:17,34
DA:20,4
DA:21,34
DA:23,34
DA:26,4
DA:27,34
DA:28,34
LF:11
LH:11
BRF:0
BRH:0
end_of_record
TN:
SF:src\filters\onlyChanged.ts
FN:8,onlyChanged
FN:13,(anonymous_2)
FN:16,isInAddedLines
FN:17,(anonymous_4)
FN:18,(anonymous_5)
FN:22,indexAddedLines
FN:40,range
FNF:7
FNH:7
FNDA:1,onlyChanged
FNDA:4,(anonymous_2)
FNDA:4,isInAddedLines
FNDA:4,(anonymous_4)
FNDA:7,(anonymous_5)
FNDA:1,indexAddedLines
FNDA:4,range
DA:1,2
DA:8,2
DA:12,1
DA:13,4
DA:17,4
DA:18,7
DA:23,1
DA:24,1
DA:25,1
DA:26,1
DA:27,1
DA:28,1
DA:29,2
DA:30,10
DA:31,2
DA:37,1
DA:41,4
DA:42,4
LF:18
LH:18
BRDA:18,0,0,0
BRDA:18,0,1,4
BRDA:17,1,0,4
BRDA:17,1,1,4
BRDA:26,2,0,1
BRDA:26,2,1,0
BRDA:30,3,0,2
BRDA:30,3,1,8
BRF:8
BRH:6
end_of_record
TN:
SF:src\format\counters.ts
FN:3,(anonymous_0)
FN:4,(anonymous_1)
FN:7,(anonymous_2)
FN:8,(anonymous_3)
FN:9,(anonymous_4)
FN:11,(anonymous_5)
FN:12,(anonymous_6)
FN:14,(anonymous_7)
FN:16,(anonymous_8)
FN:16,(anonymous_9)
FN:20,(anonymous_10)
FN:25,(anonymous_11)
FN:27,(anonymous_12)
FN:30,(anonymous_13)
FN:34,(anonymous_14)
FNF:15
FNH:15
FNDA:295,(anonymous_0)
FNDA:415,(anonymous_1)
FNDA:295,(anonymous_2)
FNDA:415,(anonymous_3)
FNDA:1775,(anonymous_4)
FNDA:208,(anonymous_5)
FNDA:207,(anonymous_6)
FNDA:208,(anonymous_7)
FNDA:207,(anonymous_8)
FNDA:505,(anonymous_9)
FNDA:208,(anonymous_10)
FNDA:208,(anonymous_11)
FNDA:1273,(anonymous_12)
FNDA:416,(anonymous_13)
FNDA:2776,(anonymous_14)
DA:3,7
DA:4,295
DA:5,415
DA:7,7
DA:8,295
DA:9,1775
DA:11,7
DA:12,208
DA:14,7
DA:15,208
DA:16,505
DA:20,7
DA:21,208
DA:22,208
DA:25,7
DA:26,208
DA:27,1273
DA:30,7
DA:31,416
DA:32,416
DA:34,416
DA:35,2776
DA:37,2776
DA:38,2
DA:40,2774
DA:41,2774
DA:42,2774
DA:43,2560
DA:45,2774
LF:29
LH:29
BRDA:37,0,0,2
BRDA:37,0,1,2774
BRDA:42,1,0,2560
BRDA:42,1,1,214
BRDA:42,2,0,2774
BRDA:42,2,1,228
BRF:6
BRH:6
end_of_record
TN:
SF:src\format\formatCoverage.ts
FN:6,(anonymous_0)
FNF:1
FNH:1
FNDA:9,(anonymous_0)
DA:1,2
DA:2,2
DA:3,2
DA:6,2
DA:12,9
DA:13,8
DA:23,1
LF:7
LH:7
BRDA:12,0,0,8
BRDA:12,0,1,1
BRDA:15,1,0,2
BRDA:15,1,1,6
BRDA:17,2,0,2
BRDA:17,2,1,6
BRF:6
BRH:6
end_of_record
TN:
SF:src\format\formatErrors.ts
FN:5,(anonymous_0)
FN:7,(anonymous_1)
FN:32,(anonymous_2)
FNF:3
FNH:3
FNDA:144,(anonymous_0)
FNDA:10,(anonymous_1)
FNDA:144,(anonymous_2)
DA:1,2
DA:2,2
DA:3,2
DA:5,144
DA:7,2
DA:8,10
DA:9,5
DA:12,5
DA:13,2
DA:15,2
DA:16,1
DA:19,1
DA:27,3
DA:33,144
LF:14
LH:14
BRDA:8,0,0,5
BRDA:8,0,1,5
BRDA:12,1,0,2
BRDA:12,1,1,3
BRDA:15,2,0,1
BRDA:15,2,1,1
BRF:6
BRH:6
end_of_record
TN:
SF:src\format\formatRunReport.ts
FN:4,(anonymous_0)
FNF:1
FNH:1
FNDA:6,(anonymous_0)
DA:2,2
DA:4,2
DA:5,6
DA:6,6
DA:7,1
DA:14,5
DA:16,6
LF:7
LH:7
BRDA:6,0,0,1
BRDA:6,0,1,5
BRF:2
BRH:2
end_of_record
TN:
SF:src\format\formatThresholdResults.ts
FN:4,(anonymous_0)
FN:6,(anonymous_1)
FNF:2
FNH:1
FNDA:4,(anonymous_0)
FNDA:0,(anonymous_1)
DA:2,1
DA:4,1
DA:5,4
DA:7,0
LF:4
LH:3
BRDA:7,0,0,0
BRDA:7,0,1,0
BRF:2
BRH:0
end_of_record
TN:
SF:src\format\getFailureDetails.ts
FN:5,(anonymous_1)
FN:9,(anonymous_2)
FN:14,(anonymous_3)
FN:16,(anonymous_4)
FN:17,(anonymous_5)
FN:24,(anonymous_6)
FNF:6
FNH:6
FNDA:9,(anonymous_1)
FNDA:24,(anonymous_2)
FNDA:4,(anonymous_3)
FNDA:7,(anonymous_4)
FNDA:5,(anonymous_5)
FNDA:5,(anonymous_6)
DA:1,3
DA:5,3
DA:6,9
DA:9,24
DA:12,7
DA:14,4
DA:15,2
DA:16,7
DA:18,5
DA:19,5
DA:20,1
DA:22,4
DA:24,5
DA:25,2
LF:14
LH:14
BRDA:6,0,0,7
BRDA:6,0,1,2
BRDA:7,1,0,9
BRDA:7,1,1,8
BRDA:9,2,0,24
BRDA:9,2,1,3
BRDA:19,3,0,1
BRDA:19,3,1,4
BRF:8
BRH:8
end_of_record
TN:
SF:src\format\getFormattedCoverage.ts
FN:6,(anonymous_0)
FNF:1
FNH:1
FNDA:9,(anonymous_0)
DA:1,3
DA:2,3
DA:4,3
DA:6,3
DA:14,9
LF:5
LH:5
BRDA:17,0,0,8
BRDA:17,0,1,1
BRF:2
BRH:2
end_of_record
TN:
SF:src\format\getPercents.ts
FN:1,(anonymous_0)
FNF:1
FNH:1
FNDA:553,(anonymous_0)
DA:1,8
DA:2,553
DA:4,489
LF:3
LH:3
BRDA:2,0,0,64
BRDA:2,0,1,489
BRF:2
BRH:2
end_of_record
TN:
SF:src\format\annotations\formatCoverageAnnotations.ts
FN:8,(anonymous_0)
FNF:1
FNH:1
FNDA:3,(anonymous_0)
DA:1,1
DA:6,1
DA:8,1
DA:11,3
LF:4
LH:4
BRDA:14,0,0,1
BRDA:14,0,1,2
BRDA:14,1,0,3
BRDA:14,1,1,3
BRDA:14,2,0,2
BRDA:14,2,1,1
BRDA:14,3,0,3
BRDA:14,3,1,3
BRDA:14,4,0,2
BRDA:14,4,1,1
BRDA:14,5,0,3
BRDA:14,5,1,1
BRDA:14,6,0,0
BRDA:14,6,1,3
BRDA:14,7,0,3
BRDA:14,7,1,3
BRDA:22,8,0,3
BRDA:22,8,1,1
BRF:18
BRH:17
end_of_record
TN:
SF:src\format\annotations\formatFailedTestsAnnotations.ts
FN:10,(anonymous_0)
FNF:1
FNH:1
FNDA:3,(anonymous_0)
DA:1,1
DA:4,1
DA:8,1
DA:10,1
DA:14,3
LF:5
LH:5
BRDA:17,0,0,1
BRDA:17,0,1,2
BRDA:17,1,0,3
BRDA:17,1,1,3
BRDA:17,2,0,2
BRDA:17,2,1,1
BRDA:17,3,0,3
BRDA:17,3,1,3
BRDA:17,4,0,2
BRDA:17,4,1,1
BRDA:17,5,0,3
BRDA:17,5,1,1
BRDA:17,6,0,0
BRDA:17,6,1,3
BRDA:17,7,0,3
BRDA:17,7,1,3
BRDA:24,8,0,3
BRDA:24,8,1,1
BRF:18
BRH:17
end_of_record
TN:
SF:src\format\annotations\getFailedAnnotationsSummary.ts
FN:4,(anonymous_0)
FNF:1
FNH:1
FNDA:3,(anonymous_0)
DA:2,1
DA:4,1
DA:5,3
LF:3
LH:3
BRDA:6,0,0,2
BRDA:6,0,1,1
BRDA:9,1,0,1
BRDA:9,1,1,1
BRF:4
BRH:4
end_of_record
TN:
SF:src\format\annotations\getFailedTestsAnnotationsBody.ts
FN:4,(anonymous_0)
FNF:1
FNH:1
FNDA:4,(anonymous_0)
DA:2,2
DA:4,2
DA:5,4
LF:3
LH:3
BRF:0
BRH:0
end_of_record
TN:
SF:src\format\details\findCommonPath.ts
FN:6,(anonymous_0)
FNF:1
FNH:1
FNDA:20,(anonymous_0)
DA:1,5
DA:6,5
DA:7,20
DA:8,20
DA:10,19
DA:11,19
DA:12,19
DA:14,19
DA:15,19
DA:16,413
DA:17,413
DA:18,413
DA:19,394
DA:21,19
DA:26,19
DA:27,2
DA:30,20
LF:17
LH:17
BRDA:8,0,0,19
BRDA:8,0,1,1
BRDA:18,1,0,394
BRDA:18,1,1,19
BRDA:26,2,0,2
BRDA:26,2,1,17
BRDA:26,3,0,19
BRDA:26,3,1,18
BRF:8
BRH:8
end_of_record
TN:
SF:src\format\details\formatCoverageDetails.ts
FN:7,(anonymous_0)
FNF:1
FNH:1
FNDA:9,(anonymous_0)
DA:1,4
DA:2,4
DA:3,4
DA:5,4
DA:7,4
DA:12,9
DA:14,9
LF:7
LH:7
BRF:0
BRH:0
end_of_record
TN:
SF:src\format\details\formatCoverageDetailsPart.ts
FN:9,(anonymous_1)
FN:15,(anonymous_2)
FNF:2
FNH:2
FNDA:18,(anonymous_1)
FNDA:2,(anonymous_2)
DA:1,4
DA:3,4
DA:5,4
DA:6,4
DA:7,4
DA:9,4
DA:15,18
DA:16,2
DA:24,18
DA:25,2
DA:49,16
LF:11
LH:11
BRDA:19,0,0,1
BRDA:19,0,1,1
BRDA:19,1,0,2
BRDA:19,1,1,2
BRDA:24,2,0,2
BRDA:24,2,1,16
BRF:6
BRH:6
end_of_record
TN:
SF:src\format\details\getDecreasedCoverage.ts
FN:3,(anonymous_0)
FN:8,(anonymous_1)
FN:14,(anonymous_2)
FN:23,(anonymous_3)
FNF:4
FNH:4
FNDA:10,(anonymous_0)
FNDA:11,(anonymous_1)
FNDA:55,(anonymous_2)
FNDA:2,(anonymous_3)
DA:3,5
DA:4,10
DA:8,5
DA:12,11
DA:15,55
DA:24,2
DA:25,2
DA:26,2
LF:8
LH:8
BRDA:4,0,0,10
BRDA:4,0,1,9
BRDA:4,0,2,8
BRDA:15,1,0,55
BRDA:15,1,1,55
BRDA:15,1,2,10
BRDA:16,2,0,44
BRDA:16,2,1,11
BRDA:16,3,0,55
BRDA:16,3,1,55
BRF:10
BRH:10
end_of_record
TN:
SF:src\format\details\getFileCoverageDetailRow.ts
FN:6,(anonymous_0)
FNF:1
FNH:1
FNDA:5,(anonymous_0)
DA:1,5
DA:3,5
DA:4,5
DA:6,5
DA:11,5
LF:5
LH:5
BRDA:14,0,0,2
BRDA:14,0,1,3
BRDA:14,1,0,5
BRDA:14,1,1,5
BRDA:15,2,0,2
BRDA:15,2,1,3
BRDA:15,3,0,5
BRDA:15,3,1,5
BRDA:16,4,0,2
BRDA:16,4,1,3
BRDA:16,5,0,5
BRDA:16,5,1,5
BRDA:17,6,0,2
BRDA:17,6,1,3
BRDA:17,7,0,5
BRDA:17,7,1,5
BRF:16
BRH:16
end_of_record
TN:
SF:src\format\details\getNewFilesCoverage.ts
FN:3,(anonymous_0)
FN:9,(anonymous_1)
FN:10,(anonymous_2)
FNF:3
FNH:3
FNDA:11,(anonymous_0)
FNDA:10,(anonymous_1)
FNDA:2,(anonymous_2)
DA:3,5
DA:7,11
DA:9,10
DA:11,2
DA:12,2
LF:5
LH:5
BRDA:8,0,0,3
BRDA:8,0,1,8
BRF:2
BRH:2
end_of_record
TN:
SF:src\format\details\parseDetails.ts
FN:7,(anonymous_0)
FN:15,(anonymous_1)
FNF:2
FNH:2
FNDA:13,(anonymous_0)
FNDA:125,(anonymous_1)
DA:1,4
DA:4,4
DA:5,4
DA:7,4
DA:9,13
DA:10,13
DA:12,13
DA:14,13
DA:16,125
DA:18,125
DA:35,125
LF:11
LH:11
BRF:0
BRH:0
end_of_record
TN:
SF:src\format\details\shrinkLongPath.ts
FN:6,(anonymous_0)
FNF:1
FNH:1
FNDA:10,(anonymous_0)
DA:1,6
DA:4,6
DA:6,6
DA:7,10
DA:9,10
DA:10,2
DA:13,8
LF:7
LH:7
BRDA:9,0,0,2
BRDA:9,0,1,8
BRDA:9,1,0,10
BRDA:9,1,1,3
BRF:4
BRH:4
end_of_record
TN:
SF:src\format\summary\formatCoverageSummary.ts
FN:9,(anonymous_1)
FN:22,(anonymous_2)
FNF:2
FNH:2
FNDA:15,(anonymous_1)
FNDA:42,(anonymous_2)
DA:1,4
DA:4,4
DA:5,4
DA:6,4
DA:7,4
DA:9,4
DA:14,15
DA:22,42
LF:8
LH:8
BRDA:27,0,0,30
BRDA:27,0,1,12
BRDA:27,1,0,42
BRDA:27,1,1,42
BRF:4
BRH:4
end_of_record
TN:
SF:src\format\summary\getSummary.ts
FN:5,(anonymous_0)
FN:11,(anonymous_1)
FN:16,(anonymous_2)
FN:21,(anonymous_3)
FNF:4
FNH:4
FNDA:49,(anonymous_0)
FNDA:294,(anonymous_1)
FNDA:294,(anonymous_2)
FNDA:294,(anonymous_3)
DA:3,5
DA:5,5
DA:11,49
DA:12,294
DA:15,49
DA:16,294
DA:20,49
DA:21,294
DA:25,49
LF:9
LH:9
BRDA:12,0,0,294
BRDA:12,0,1,0
BRF:2
BRH:1
end_of_record
TN:
SF:src\format\summary\getTestRunSummary.ts
FN:4,(anonymous_0)
FNF:1
FNH:1
FNDA:7,(anonymous_0)
DA:2,2
DA:4,2
DA:5,7
LF:3
LH:3
BRDA:6,0,0,5
BRDA:6,0,1,2
BRDA:9,1,0,4
BRDA:9,1,1,1
BRF:4
BRH:4
end_of_record
TN:
SF:src\format\summary\parseSummary.ts
FN:13,(anonymous_0)
FNF:1
FNH:1
FNDA:12,(anonymous_0)
DA:1,4
DA:3,4
DA:4,4
DA:13,4
DA:14,12
LF:5
LH:5
BRF:0
BRH:0
end_of_record
TN:
SF:src\report\fetchPreviousReport.ts
FN:6,fetchPreviousReport
FN:20,(anonymous_1)
FNF:2
FNH:2
FNDA:5,fetchPreviousReport
FNDA:9,(anonymous_1)
DA:3,2
DA:6,2
DA:12,5
DA:20,9
DA:24,5
LF:5
LH:5
BRDA:21,0,0,0
BRDA:21,0,1,9
BRDA:20,1,0,9
BRDA:20,1,1,9
BRDA:24,2,0,2
BRDA:24,2,1,3
BRF:6
BRH:5
end_of_record
TN:
SF:src\report\generateCommitReport.ts
FN:3,(anonymous_0)
FNF:1
FNH:1
FNDA:1,(anonymous_0)
DA:1,1
DA:3,1
DA:8,1
LF:3
LH:3
BRF:0
BRH:0
end_of_record
TN:
SF:src\report\generatePRReport.ts
FN:6,(anonymous_0)
FNF:1
FNH:1
FNDA:2,(anonymous_0)
DA:3,1
DA:6,1
DA:13,2
DA:20,2
DA:21,1
DA:27,1
LF:6
LH:6
BRDA:20,0,0,1
BRDA:20,0,1,1
BRF:2
BRH:2
end_of_record
TN:
SF:src\stages\checkThreshold.ts
FN:17,(anonymous_1)
FN:26,(anonymous_2)
FN:35,(anonymous_3)
FN:36,(anonymous_4)
FN:49,(anonymous_5)
FN:52,(anonymous_6)
FN:56,(anonymous_7)
FN:66,(anonymous_8)
FN:72,(anonymous_9)
FN:75,(anonymous_10)
FN:85,(anonymous_11)
FN:95,(anonymous_12)
FN:101,(anonymous_13)
FNF:13
FNH:6
FNDA:10,(anonymous_1)
FNDA:10,(anonymous_2)
FNDA:10,(anonymous_3)
FNDA:0,(anonymous_4)
FNDA:10,(anonymous_5)
FNDA:0,(anonymous_6)
FNDA:0,(anonymous_7)
FNDA:0,(anonymous_8)
FNDA:10,(anonymous_9)
FNDA:0,(anonymous_10)
FNDA:0,(anonymous_11)
FNDA:0,(anonymous_12)
FNDA:10,(anonymous_13)
DA:1,1
DA:3,1
DA:4,1
DA:8,1
DA:10,1
DA:11,1
DA:13,1
DA:14,1
DA:15,1
DA:17,1
DA:23,10
DA:25,10
DA:26,10
DA:32,10
DA:34,10
DA:35,10
DA:37,0
DA:39,0
DA:40,0
DA:41,0
DA:45,10
DA:47,10
DA:49,10
DA:50,10
DA:52,10
DA:53,0
DA:56,10
DA:57,0
DA:64,10
DA:66,0
DA:71,10
DA:72,10
DA:73,10
DA:75,10
DA:76,0
DA:83,10
DA:85,0
DA:90,10
DA:91,10
DA:95,0
DA:100,10
DA:101,10
DA:104,10
DA:110,10
DA:111,0
DA:115,10
DA:116,0
DA:119,10
LF:48
LH:36
BRDA:90,0,0,10
BRDA:90,0,1,0
BRDA:110,1,0,0
BRDA:110,1,1,10
BRDA:115,2,0,0
BRDA:115,2,1,10
BRF:6
BRH:3
end_of_record
TN:
SF:src\stages\collectCoverage.ts
FN:10,(anonymous_0)
FNF:1
FNH:1
FNDA:18,(anonymous_0)
DA:1,2
DA:3,2
DA:4,2
DA:5,2
DA:7,2
DA:8,2
DA:10,2
DA:15,18
DA:20,18
DA:25,18
DA:31,18
DA:33,15
DA:35,4
DA:36,1
DA:41,3
LF:15
LH:15
BRDA:17,0,0,18
BRDA:17,0,1,15
BRDA:35,1,0,1
BRDA:35,1,1,3
BRF:4
BRH:4
end_of_record
TN:
SF:src\stages\createReport.ts
FN:20,(anonymous_1)
FN:25,(anonymous_2)
FNF:2
FNH:2
FNDA:7,(anonymous_1)
FNDA:4,(anonymous_2)
DA:1,1
DA:3,1
DA:4,1
DA:5,1
DA:6,1
DA:7,1
DA:8,1
DA:9,1
DA:10,1
DA:11,1
DA:17,1
DA:18,1
DA:20,7
DA:25,1
DA:30,4
DA:32,4
DA:33,4
DA:34,4
DA:36,4
DA:37,4
DA:38,4
DA:43,4
DA:45,4
DA:60,4
DA:61,0
DA:68,0
DA:84,4
LF:27
LH:25
BRDA:22,0,0,6
BRDA:22,0,1,1
BRDA:20,1,0,7
BRDA:20,1,1,7
BRDA:21,2,0,5
BRDA:21,2,1,2
BRDA:20,3,0,7
BRDA:20,3,1,7
BRDA:22,4,0,1
BRDA:22,4,1,1
BRDA:21,5,0,2
BRDA:21,5,1,2
BRDA:39,6,0,3
BRDA:39,6,1,1
BRDA:52,7,0,4
BRDA:52,7,1,2
BRDA:54,8,0,4
BRDA:54,8,1,3
BRDA:55,9,0,2
BRDA:55,9,1,2
BRDA:60,10,0,0
BRDA:60,10,1,4
BRDA:75,11,0,0
BRDA:75,11,1,0
BRDA:77,12,0,0
BRDA:77,12,1,0
BRDA:78,13,0,0
BRDA:78,13,1,0
BRF:28
BRH:21
end_of_record
TN:
SF:src\stages\getCoverage.ts
FN:16,(anonymous_0)
FN:22,(anonymous_1)
FN:36,(anonymous_2)
FN:50,(anonymous_3)
FN:61,(anonymous_4)
FNF:5
FNH:5
FNDA:13,(anonymous_0)
FNDA:13,(anonymous_1)
FNDA:13,(anonymous_2)
FNDA:13,(anonymous_3)
FNDA:13,(anonymous_4)
DA:1,1
DA:2,1
DA:3,1
DA:4,1
DA:5,1
DA:7,1
DA:12,1
DA:14,1
DA:16,1
DA:22,13
DA:23,13
DA:27,4
DA:30,9
DA:36,13
DA:37,13
DA:41,3
DA:44,10
DA:47,13
DA:51,13
DA:58,13
DA:62,13
DA:63,2
DA:66,11
DA:68,11
DA:72,13
DA:73,2
DA:76,11
LF:27
LH:27
BRDA:23,0,0,4
BRDA:23,0,1,9
BRDA:24,1,0,13
BRDA:24,1,1,11
BRDA:24,1,2,6
BRDA:37,2,0,3
BRDA:37,2,1,10
BRDA:38,3,0,13
BRDA:38,3,1,11
BRDA:38,3,2,6
BRDA:62,4,0,2
BRDA:62,4,1,11
BRDA:72,5,0,2
BRDA:72,5,1,11
BRDA:72,6,0,13
BRDA:72,6,1,11
BRF:16
BRH:16
end_of_record
TN:
SF:src\stages\installDependencies.ts
FN:7,(anonymous_0)
FNF:1
FNH:1
FNDA:17,(anonymous_0)
DA:1,2
DA:4,2
DA:5,2
DA:7,2
DA:12,17
DA:14,16
LF:6
LH:6
BRDA:8,0,0,5
BRF:1
BRH:1
end_of_record
TN:
SF:src\stages\parseCoverage.ts
FN:5,(anonymous_0)
FNF:1
FNH:1
FNDA:13,(anonymous_0)
DA:1,2
DA:3,2
DA:5,2
DA:6,13
DA:7,13
DA:9,1
LF:6
LH:6
BRF:0
BRH:0
end_of_record
TN:
SF:src\stages\runTest.ts
FN:5,(anonymous_0)
FNF:1
FNH:1
FNDA:12,(anonymous_0)
DA:1,2
DA:3,2
DA:5,2
DA:9,12
LF:4
LH:4
BRF:0
BRH:0
end_of_record
TN:
SF:src\stages\switchBranch.ts
FN:5,(anonymous_0)
FN:15,(anonymous_1)
FN:38,(anonymous_2)
FN:63,(anonymous_3)
FN:68,(anonymous_4)
FNF:5
FNH:5
FNDA:2,(anonymous_0)
FNDA:5,(anonymous_1)
FNDA:5,(anonymous_2)
FNDA:4,(anonymous_3)
FNDA:4,(anonymous_4)
DA:1,1
DA:5,1
DA:6,2
DA:7,2
DA:9,1
DA:12,2
DA:15,1
DA:20,5
DA:21,1
DA:25,4
DA:28,3
DA:31,3
DA:33,3
DA:38,1
DA:43,5
DA:44,5
DA:46,2
DA:54,2
DA:55,2
DA:57,0
DA:59,2
DA:63,1
DA:64,4
DA:65,4
DA:66,4
DA:69,4
DA:74,3
DA:76,3
DA:77,0
DA:80,3
DA:82,1
DA:85,1
LF:32
LH:30
BRDA:20,0,0,1
BRDA:20,0,1,4
BRDA:20,1,0,5
BRDA:20,1,1,5
BRDA:20,1,2,4
BRDA:20,1,3,4
BRDA:76,2,0,0
BRDA:76,2,1,3
BRF:8
BRH:7
end_of_record
TN:
SF:src\typings\ActionError.ts
FN:5,(anonymous_0)
FN:14,(anonymous_1)
FNF:2
FNH:2
FNDA:19,(anonymous_0)
FNDA:7,(anonymous_1)
DA:2,6
DA:4,6
DA:6,19
DA:15,7
LF:4
LH:4
BRF:0
BRH:0
end_of_record
TN:
SF:src\typings\Options.ts
FN:75,(anonymous_6)
FN:89,(anonymous_7)
FN:93,(anonymous_8)
FN:96,(anonymous_9)
FN:99,(anonymous_10)
FNF:5
FNH:5
FNDA:17,(anonymous_6)
FNDA:17,(anonymous_7)
FNDA:9,(anonymous_8)
FNDA:9,(anonymous_9)
FNDA:18,(anonymous_10)
DA:1,2
DA:2,2
DA:3,2
DA:5,2
DA:46,2
DA:53,2
DA:59,2
DA:61,2
DA:63,2
DA:68,2
DA:75,17
DA:89,17
DA:93,2
DA:94,9
DA:96,2
DA:97,9
DA:99,2
DA:100,18
DA:103,18
DA:104,18
DA:105,18
DA:106,18
DA:107,18
DA:108,18
DA:109,18
DA:110,18
DA:111,18
DA:112,18
DA:113,18
DA:114,18
DA:117,18
DA:118,18
DA:120,18
DA:121,1
DA:126,1
DA:128,18
DA:129,18
DA:146,8
DA:148,10
DA:149,9
DA:154,1
LF:41
LH:41
BRDA:75,0,0,1
BRDA:75,0,1,16
BRDA:115,1,0,18
BRDA:115,1,1,16
BRDA:115,2,0,15
BRDA:115,2,1,1
BRDA:115,3,0,16
BRDA:115,3,1,16
BRDA:115,4,0,0
BRDA:115,4,1,16
BRDA:115,5,0,16
BRDA:115,5,1,16
BRDA:115,6,0,0
BRDA:115,6,1,16
BRDA:115,7,0,16
BRDA:115,7,1,16
BRDA:118,8,0,18
BRDA:118,8,1,16
BRDA:118,9,0,0
BRDA:118,9,1,18
BRDA:118,10,0,18
BRDA:118,10,1,18
BRDA:118,11,0,0
BRDA:118,11,1,18
BRDA:118,12,0,18
BRDA:118,12,1,18
BRDA:120,13,0,1
BRDA:120,13,1,17
BRDA:120,14,0,18
BRDA:120,14,1,16
BRDA:141,15,0,18
BRDA:141,15,1,15
BRDA:148,16,0,9
BRDA:148,16,1,1
BRF:34
BRH:30
end_of_record
TN:
SF:src\typings\Report.ts
FN:1,(anonymous_0)
FNF:1
FNH:1
FNDA:7,(anonymous_0)
DA:1,7
DA:2,7
DA:3,7
DA:4,7
DA:5,7
DA:6,7
DA:7,7
DA:8,7
LF:8
LH:8
BRDA:1,0,0,7
BRDA:1,0,1,7
BRF:2
BRH:2
end_of_record
TN:
SF:src\typings\ThresholdResult.ts
FN:1,(anonymous_0)
FNF:1
FNH:1
FNDA:1,(anonymous_0)
DA:1,1
DA:2,1
DA:3,1
DA:4,1
DA:5,1
LF:5
LH:5
BRDA:1,0,0,1
BRDA:1,0,1,1
BRF:2
BRH:2
end_of_record
TN:
SF:src\utils\DataCollector.ts
FN:3,(anonymous_6)
FN:8,(anonymous_7)
FN:15,(anonymous_8)
FN:19,(anonymous_9)
FN:24,(anonymous_10)
FNF:5
FNH:5
FNDA:48,(anonymous_6)
FNDA:30,(anonymous_7)
FNDA:24,(anonymous_8)
FNDA:501,(anonymous_9)
FNDA:21,(anonymous_10)
DA:1,6
DA:3,6
DA:4,48
DA:5,48
DA:6,48
DA:8,48
DA:9,30
DA:10,30
DA:15,48
DA:16,24
DA:19,48
DA:20,501
DA:21,501
DA:24,48
DA:30,48
LF:15
LH:15
BRDA:11,0,0,26
BRDA:11,0,1,4
BRF:2
BRH:2
end_of_record
TN:
SF:src\utils\accumulateCoverageDetails.ts
FN:4,(anonymous_0)
FN:7,(anonymous_1)
FNF:2
FNH:2
FNDA:10,(anonymous_0)
FNDA:10,(anonymous_1)
DA:3,1
DA:4,1
DA:6,10
DA:8,10
DA:9,10
DA:10,10
DA:11,10
DA:12,10
DA:13,10
DA:14,10
DA:15,10
DA:17,10
LF:12
LH:12
BRF:0
BRH:0
end_of_record
TN:
SF:src\utils\checkSingleThreshold.ts
FN:8,(anonymous_1)
FN:51,(anonymous_2)
FNF:2
FNH:2
FNDA:10,(anonymous_1)
FNDA:40,(anonymous_2)
DA:1,1
DA:4,1
DA:6,1
DA:8,1
DA:13,10
DA:40,10
DA:41,40
DA:43,40
DA:44,0
DA:48,10
DA:51,1
DA:58,40
DA:59,40
DA:62,0
DA:63,0
DA:65,0
DA:75,0
LF:17
LH:12
BRDA:43,0,0,0
BRDA:43,0,1,40
BRDA:58,1,0,40
BRDA:58,1,1,0
BRDA:62,2,0,0
BRDA:62,2,1,0
BRDA:66,3,0,0
BRDA:66,3,1,0
BRDA:76,4,0,0
BRDA:76,4,1,0
BRF:10
BRH:2
end_of_record
TN:
SF:src\utils\createMarkdownSpoiler.ts
FN:6,(anonymous_0)
FNF:1
FNH:1
FNDA:4,(anonymous_0)
DA:6,6
DA:9,4
LF:2
LH:2
BRF:0
BRH:0
end_of_record
TN:
SF:src\utils\decimalToString.ts
FN:1,(anonymous_0)
FNF:1
FNH:1
FNDA:190,(anonymous_0)
DA:1,9
DA:2,190
LF:2
LH:2
BRDA:1,0,0,185
BRF:1
BRH:1
end_of_record
TN:
SF:src\utils\formatPercentage.ts
FN:7,(anonymous_0)
FNF:1
FNH:1
FNDA:73,(anonymous_0)
DA:1,7
DA:2,7
DA:3,7
DA:5,7
DA:7,7
DA:11,73
DA:13,73
DA:15,73
LF:8
LH:8
BRDA:9,0,0,41
BRDA:17,1,0,22
BRDA:17,1,1,51
BRDA:23,2,0,22
BRDA:23,2,1,51
BRF:5
BRH:5
end_of_record
TN:
SF:src\utils\formatPercentageDelta.ts
FN:4,(anonymous_0)
FNF:1
FNH:1
FNDA:30,(anonymous_0)
DA:1,8
DA:2,8
DA:4,8
DA:5,30
LF:4
LH:4
BRDA:7,0,0,13
BRDA:7,0,1,17
BRF:2
BRH:2
end_of_record
TN:
SF:src\utils\getConsoleLink.ts
FN:3,(anonymous_0)
FNF:1
FNH:1
FNDA:3,(anonymous_0)
DA:1,3
DA:3,3
DA:4,3
DA:8,3
LF:4
LH:4
BRDA:5,0,0,1
BRDA:5,0,1,2
BRDA:4,1,0,3
BRDA:4,1,1,3
BRDA:5,2,0,2
BRDA:5,2,1,1
BRDA:4,3,0,3
BRDA:4,3,1,3
BRF:8
BRH:8
end_of_record
TN:
SF:src\utils\getCoverageForDirectory.ts
FN:6,(anonymous_1)
FN:12,(anonymous_2)
FNF:2
FNH:0
FNDA:0,(anonymous_1)
FNDA:0,(anonymous_2)
DA:1,1
DA:3,1
DA:6,1
DA:10,0
DA:12,0
LF:5
LH:3
BRF:0
BRH:0
end_of_record
TN:
SF:src\utils\getFileCoverageMap.ts
FN:24,(anonymous_0)
FN:26,(anonymous_1)
FNF:2
FNH:2
FNDA:23,(anonymous_0)
FNDA:135,(anonymous_1)
DA:1,5
DA:24,5
DA:25,23
DA:28,135
DA:32,135
DA:50,135
LF:6
LH:6
BRDA:29,0,0,135
BRDA:29,0,1,0
BRF:2
BRH:1
end_of_record
TN:
SF:src\utils\getNormalThreshold.ts
FN:6,(anonymous_1)
FNF:1
FNH:1
FNDA:11,(anonymous_1)
DA:1,1
DA:3,1
DA:6,1
DA:10,11
DA:13,11
DA:14,11
DA:24,0
LF:7
LH:6
BRDA:13,0,0,11
BRDA:13,0,1,0
BRF:2
BRH:1
end_of_record
TN:
SF:src\utils\getPrPatch.ts
FN:5,getPrPatch
FNF:1
FNH:0
FNDA:0,getPrPatch
DA:1,1
DA:5,1
DA:9,0
DA:16,0
DA:17,0
LF:5
LH:2
BRF:0
BRH:0
end_of_record
TN:
SF:src\utils\getStatusOfPercents.ts
FN:5,(anonymous_0)
FNF:1
FNH:1
FNDA:67,(anonymous_0)
DA:1,7
DA:3,7
DA:5,7
DA:6,67
DA:8,67
DA:9,21
DA:12,67
DA:13,12
DA:14,55
DA:15,16
DA:17,39
LF:11
LH:11
BRDA:5,0,0,34
BRDA:8,1,0,21
BRDA:8,1,1,46
BRDA:12,2,0,12
BRDA:12,2,1,55
BRDA:14,3,0,16
BRDA:14,3,1,39
BRF:7
BRH:7
end_of_record
TN:
SF:src\utils\getTestCommand.ts
FN:3,(anonymous_0)
FNF:1
FNH:1
FNDA:20,(anonymous_0)
DA:1,3
DA:3,3
DA:8,20
DA:10,1
DA:13,19
DA:15,19
DA:18,19
DA:34,19
LF:8
LH:8
BRDA:8,0,0,1
BRDA:8,0,1,19
BRDA:13,1,0,19
BRDA:13,1,1,15
BRDA:21,2,0,19
BRDA:21,2,1,6
BRDA:21,2,2,4
BRF:7
BRH:7
end_of_record
TN:
SF:src\utils\i18n.ts
FN:15,(anonymous_1)
FN:20,(anonymous_2)
FNF:2
FNH:2
FNDA:2665,(anonymous_1)
FNDA:773,(anonymous_2)
DA:1,24
DA:2,24
DA:4,24
DA:5,24
DA:7,24
DA:9,24
DA:11,24
DA:15,24
DA:16,2665
DA:18,2665
DA:21,773
DA:22,771
DA:24,2
DA:29,2665
DA:30,2035
DA:33,630
LF:16
LH:16
BRDA:12,0,0,24
BRDA:12,0,1,24
BRDA:21,1,0,771
BRDA:21,1,1,2
BRDA:29,2,0,2035
BRDA:29,2,1,630
BRF:6
BRH:6
end_of_record
TN:
SF:src\utils\insertArgs.ts
FN:1,(anonymous_0)
FN:6,(anonymous_1)
FNF:2
FNH:2
FNDA:643,(anonymous_0)
FNDA:829,(anonymous_1)
DA:1,25
DA:5,643
DA:7,829
DA:11,643
LF:4
LH:4
BRDA:7,0,0,829
BRDA:7,0,1,829
BRDA:7,0,2,829
BRF:3
BRH:3
end_of_record
TN:
SF:src\utils\isOldScript.ts
FN:7,(anonymous_0)
FNF:1
FNH:1
FNDA:45,(anonymous_0)
DA:1,4
DA:3,4
DA:5,4
DA:7,4
DA:11,45
DA:12,7
DA:15,38
DA:17,38
DA:18,23
DA:20,23
DA:21,23
DA:33,13
DA:35,13
DA:36,10
DA:43,28
LF:15
LH:15
BRDA:11,0,0,7
BRDA:11,0,1,38
BRDA:17,1,0,23
BRDA:17,1,1,15
BRDA:35,2,0,10
BRDA:35,2,1,3
BRF:6
BRH:6
end_of_record
TN:
SF:src\utils\isValidNumber.ts
FN:1,(anonymous_0)
FNF:1
FNH:1
FNDA:1211,(anonymous_0)
DA:1,2
DA:2,1211
LF:2
LH:2
BRDA:2,0,0,1211
BRDA:2,0,1,1210
BRF:2
BRH:2
end_of_record
TN:
SF:src\utils\joinPaths.ts
FN:3,(anonymous_0)
FN:4,(anonymous_1)
FNF:2
FNH:2
FNDA:47,(anonymous_0)
FNDA:99,(anonymous_1)
DA:1,5
DA:3,5
DA:4,99
LF:3
LH:3
BRF:0
BRH:0
end_of_record
TN:
SF:src\utils\parseJestConfig.ts
FN:3,(anonymous_0)
FNF:1
FNH:1
FNDA:11,(anonymous_0)
DA:1,1
DA:3,1
DA:6,11
DA:11,11
LF:4
LH:4
BRF:0
BRH:0
end_of_record
TN:
SF:src\utils\removeDirectory.ts
FN:4,(anonymous_0)
FNF:1
FNH:1
FNDA:2,(anonymous_0)
DA:1,1
DA:2,1
DA:4,1
DA:5,2
DA:6,1
DA:8,1
LF:6
LH:6
BRDA:5,0,0,1
BRDA:5,0,1,1
BRF:2
BRH:2
end_of_record
TN:
SF:src\utils\runStage.ts
FN:12,(anonymous_0)
FN:24,(anonymous_1)
FNF:2
FNH:2
FNDA:210,(anonymous_0)
FNDA:33,(anonymous_1)
DA:2,3
DA:10,3
DA:12,3
DA:17,210
DA:18,210
DA:24,210
DA:25,33
DA:28,210
DA:29,210
DA:30,150
DA:32,60
DA:33,33
DA:39,27
DA:44,27
DA:47,60
DA:49,210
LF:16
LH:16
BRDA:32,0,0,33
BRDA:32,0,1,27
BRF:2
BRH:2
end_of_record
TN:
SF:src\utils\tryGetJestThreshold.ts
FN:4,(anonymous_0)
FNF:1
FNH:1
FNDA:11,(anonymous_0)
DA:1,1
DA:4,1
DA:7,11
DA:8,11
DA:12,11
DA:14,0
DA:19,0
LF:7
LH:5
BRDA:12,0,0,0
BRDA:12,0,1,11
BRDA:12,1,0,11
BRDA:12,1,1,11
BRF:4
BRH:3
end_of_record
TN:
SF:src\utils\withExplanation.ts
FN:1,(anonymous_0)
FNF:1
FNH:1
FNDA:18,(anonymous_0)
DA:1,6
DA:2,18
LF:2
LH:2
BRF:0
BRH:0
end_of_record
